0 info it worked if it ends with ok
1 verbose cli [ 'node', '/usr/local/bin/npm', 'update', '-g', 'nodemon' ]
2 info using npm@1.4.23
3 info using node@v0.10.31
4 verbose request where is /nodemon
5 verbose request registry https://registry.npmjs.org/
6 verbose request id 14afdab02b6be79e
7 verbose url raw /nodemon
8 verbose url resolving [ 'https://registry.npmjs.org/', './nodemon' ]
9 verbose url resolved https://registry.npmjs.org/nodemon
10 verbose request where is https://registry.npmjs.org/nodemon
11 info trying registry request attempt 1 at 00:30:47
12 verbose etag "7UI5EW1JUZRWKQHADM2Q5DHIC"
13 http GET https://registry.npmjs.org/nodemon
14 http 304 https://registry.npmjs.org/nodemon
15 silly registry.get cb [ 304,
15 silly registry.get   { date: 'Mon, 09 Feb 2015 06:30:48 GMT',
15 silly registry.get     server: 'Apache',
15 silly registry.get     via: '1.1 varnish',
15 silly registry.get     'last-modified': 'Mon, 09 Feb 2015 06:30:48 GMT',
15 silly registry.get     'cache-control': 'max-age=60',
15 silly registry.get     etag: '"7UI5EW1JUZRWKQHADM2Q5DHIC"',
15 silly registry.get     age: '0',
15 silly registry.get     'x-served-by': 'cache-jfk1033-JFK',
15 silly registry.get     'x-cache': 'HIT',
15 silly registry.get     'x-cache-hits': '1',
15 silly registry.get     'x-timer': 'S1423463448.300974,VS0,VE319',
15 silly registry.get     vary: 'Accept',
15 silly registry.get     'content-length': '0',
15 silly registry.get     'keep-alive': 'timeout=10, max=50',
15 silly registry.get     connection: 'Keep-Alive' } ]
16 verbose etag https://registry.npmjs.org/nodemon from cache
17 info outdated updating [ [ '/usr/local/lib', 'nodemon', '1.2.1', '1.3.6', '1.3.6', 'latest' ] ]
18 verbose install where,what [ '/usr/local/lib', [ 'nodemon@1.3.6' ] ]
19 verbose cache add [ 'nodemon@1.3.6', null ]
20 verbose cache add name=undefined spec="nodemon@1.3.6" args=["nodemon@1.3.6",null]
21 verbose parsed url { protocol: null,
21 verbose parsed url   slashes: null,
21 verbose parsed url   auth: null,
21 verbose parsed url   host: null,
21 verbose parsed url   port: null,
21 verbose parsed url   hostname: null,
21 verbose parsed url   hash: null,
21 verbose parsed url   search: null,
21 verbose parsed url   query: null,
21 verbose parsed url   pathname: 'nodemon@1.3.6',
21 verbose parsed url   path: 'nodemon@1.3.6',
21 verbose parsed url   href: 'nodemon@1.3.6' }
22 verbose cache add name="nodemon" spec="1.3.6" args=["nodemon","1.3.6"]
23 verbose parsed url { protocol: null,
23 verbose parsed url   slashes: null,
23 verbose parsed url   auth: null,
23 verbose parsed url   host: null,
23 verbose parsed url   port: null,
23 verbose parsed url   hostname: null,
23 verbose parsed url   hash: null,
23 verbose parsed url   search: null,
23 verbose parsed url   query: null,
23 verbose parsed url   pathname: '1.3.6',
23 verbose parsed url   path: '1.3.6',
23 verbose parsed url   href: '1.3.6' }
24 verbose addNamed [ 'nodemon', '1.3.6' ]
25 verbose addNamed [ '1.3.6', '1.3.6' ]
26 silly lockFile 8054e090-nodemon-1-3-6 nodemon@1.3.6
27 verbose lock nodemon@1.3.6 /Users/MikeB/.npm/8054e090-nodemon-1-3-6.lock
28 verbose registry.get https://registry.npmjs.org/nodemon not expired, no request
29 silly lockFile 8054e090-nodemon-1-3-6 nodemon@1.3.6
30 silly lockFile 8054e090-nodemon-1-3-6 nodemon@1.3.6
31 silly resolved [ { name: 'nodemon',
31 silly resolved     homepage: 'http://nodemon.io',
31 silly resolved     author: { name: 'Remy Sharp', url: 'http://github.com/remy' },
31 silly resolved     bin: { nodemon: './bin/nodemon.js' },
31 silly resolved     engines: { node: '>=0.8' },
31 silly resolved     repository: { type: 'git', url: 'http://github.com/remy/nodemon.git' },
31 silly resolved     description: 'Simple monitor script for use during development of a node.js app.',
31 silly resolved     keywords:
31 silly resolved      [ 'monitor',
31 silly resolved        'development',
31 silly resolved        'restart',
31 silly resolved        'autoload',
31 silly resolved        'reload',
31 silly resolved        'terminal' ],
31 silly resolved     version: '1.3.6',
31 silly resolved     preferGlobal: 'true',
31 silly resolved     licenses: [ [Object] ],
31 silly resolved     main: './lib/nodemon',
31 silly resolved     scripts:
31 silly resolved      { coverage: 'istanbul cover _mocha -- --timeout 30000 --ui bdd --reporter list test/**/*.test.js',
31 silly resolved        ':test': 'mocha --timeout 30000 --ui bdd test/**/*.test.js',
31 silly resolved        test: 'for FILE in test/**/*.test.js; do echo $FILE; ./node_modules/.bin/mocha --timeout 30000 $FILE; if [ $? -ne 0 ]; then exit 1; fi; sleep 1; done',
31 silly resolved        web: 'node web' },
31 silly resolved     devDependencies:
31 silly resolved      { 'coffee-script': '~1.7.1',
31 silly resolved        connect: '~2.19.1',
31 silly resolved        istanbul: '~0.2.10',
31 silly resolved        mocha: '^2.0.1',
31 silly resolved        should: '~4.0.0' },
31 silly resolved     dependencies:
31 silly resolved      { minimatch: '~0.3.0',
31 silly resolved        'ps-tree': '~0.0.3',
31 silly resolved        touch: '~0.0.3',
31 silly resolved        'update-notifier': '^0.3.0' },
31 silly resolved     gitHead: '53587d738041b88c128e2490b8e44c4eb18b3fdc',
31 silly resolved     bugs: { url: 'https://github.com/remy/nodemon/issues' },
31 silly resolved     _id: 'nodemon@1.3.6',
31 silly resolved     _shasum: 'c4d5e43dd797792a8291efd130de02e5520c4998',
31 silly resolved     _from: 'nodemon@1.3.6',
31 silly resolved     _npmVersion: '1.4.28',
31 silly resolved     _npmUser: { name: 'remy', email: 'remy@remysharp.com' },
31 silly resolved     maintainers: [ [Object] ],
31 silly resolved     dist:
31 silly resolved      { shasum: 'c4d5e43dd797792a8291efd130de02e5520c4998',
31 silly resolved        tarball: 'http://registry.npmjs.org/nodemon/-/nodemon-1.3.6.tgz' },
31 silly resolved     directories: {},
31 silly resolved     _resolved: 'https://registry.npmjs.org/nodemon/-/nodemon-1.3.6.tgz',
31 silly resolved     readme: 'ERROR: No README data found!' } ]
32 info install nodemon@1.3.6 into /usr/local/lib
33 info installOne nodemon@1.3.6
34 verbose lib/node_modules/nodemon unbuild
35 info preuninstall nodemon@1.2.1
36 info uninstall nodemon@1.2.1
37 verbose true,/usr/local/lib/node_modules,/usr/local/lib/node_modules unbuild nodemon@1.2.1
38 verbose /usr/local/bin,[object Object] binRoot
39 info postuninstall nodemon@1.2.1
40 verbose lib/node_modules/nodemon unbuild
41 info preuninstall nodemon@1.2.1
42 info uninstall nodemon@1.2.1
43 verbose true,/usr/local/lib/node_modules,/usr/local/lib/node_modules unbuild nodemon@1.2.1
44 verbose /usr/local/bin,[object Object] binRoot
45 info postuninstall nodemon@1.2.1
46 error error rolling back Error: EACCES, unlink '/usr/local/lib/node_modules/nodemon'
46 error error rolling back  nodemon@1.3.6 { [Error: EACCES, unlink '/usr/local/lib/node_modules/nodemon']
46 error error rolling back   errno: 3,
46 error error rolling back   code: 'EACCES',
46 error error rolling back   path: '/usr/local/lib/node_modules/nodemon' }
47 error Error: EACCES, unlink '/usr/local/lib/node_modules/nodemon'
47 error  { [Error: EACCES, unlink '/usr/local/lib/node_modules/nodemon']
47 error   errno: 3,
47 error   code: 'EACCES',
47 error   path: '/usr/local/lib/node_modules/nodemon' }
48 error Please try running this command again as root/Administrator.
49 error System Darwin 13.4.0
50 error command "node" "/usr/local/bin/npm" "update" "-g" "nodemon"
51 error cwd /Users/MikeB/Documents/code/art-work
52 error node -v v0.10.31
53 error npm -v 1.4.23
54 error path /usr/local/lib/node_modules/nodemon
55 error code EACCES
56 error errno 3
57 error stack Error: EACCES, unlink '/usr/local/lib/node_modules/nodemon'
58 verbose exit [ 3, true ]
